<?xml version="1.0" encoding="UTF-8"?>
<robot generator="Robot 4.1.1 (Python 3.9.7 on win32)" generated="20220201 22:08:22.846" rpa="false" schemaversion="2">
<suite id="s1" name="Summer" source="F:\MAYUMI\1-CURSOS\CTD-DH\SUMMER-WEEK-2022\TESTING\testes-automatizados\summer.robot">
<test id="s1-t1" name="Edicao">
<kw name="Abrir o site da aplicação" library="summer" type="SETUP">
<kw name="Open Browser" library="SeleniumLibrary">
<arg>${SITE}</arg>
<arg>${NAVEGADOR}</arg>
<doc>Opens a new browser instance to the optional ``url``.</doc>
<msg timestamp="20220201 22:08:23.059" level="INFO">Opening browser 'Chrome' to base url 'http://localhost:3000/'.</msg>
<status status="PASS" starttime="20220201 22:08:23.058" endtime="20220201 22:08:25.392"/>
</kw>
<kw name="Maximize Browser Window" library="SeleniumLibrary">
<doc>Maximizes current browser window.</doc>
<status status="PASS" starttime="20220201 22:08:25.392" endtime="20220201 22:08:25.644"/>
</kw>
<status status="PASS" starttime="20220201 22:08:23.058" endtime="20220201 22:08:25.644"/>
</kw>
<kw name="Clicar no botão &quot;Detalhes&quot; de um cartão" library="summer">
<kw name="Wait and Click" library="summer">
<arg>${BOTAO_DETALHE}</arg>
<kw name="Wait Until Element Is Visible" library="SeleniumLibrary">
<arg>${ELEMENTO}</arg>
<doc>Waits until the element ``locator`` is visible.</doc>
<status status="PASS" starttime="20220201 22:08:25.646" endtime="20220201 22:08:25.699"/>
</kw>
<kw name="Wait Until Element Is Enabled" library="SeleniumLibrary">
<arg>${ELEMENTO}</arg>
<doc>Waits until the element ``locator`` is enabled.</doc>
<status status="PASS" starttime="20220201 22:08:25.700" endtime="20220201 22:08:25.726"/>
</kw>
<kw name="Click Element" library="SeleniumLibrary">
<arg>${ELEMENTO}</arg>
<doc>Click the element identified by ``locator``.</doc>
<msg timestamp="20220201 22:08:25.727" level="INFO">Clicking element 'css=#uncontrolled-tab-example-tabpane-all &gt; div &gt; div &gt; div:nth-child(1) &gt; div &gt; div &gt; button'.</msg>
<status status="PASS" starttime="20220201 22:08:25.727" endtime="20220201 22:08:25.825"/>
</kw>
<status status="PASS" starttime="20220201 22:08:25.645" endtime="20220201 22:08:25.825"/>
</kw>
<status status="PASS" starttime="20220201 22:08:25.645" endtime="20220201 22:08:25.825"/>
</kw>
<kw name="Alterar a URL da imagem" library="summer">
<kw name="Wait and Input Text" library="summer">
<arg>${CAMPO_IMAGEM}</arg>
<arg>${URL_IMAGEM_NOVA}</arg>
<kw name="Wait Until Element Is Visible" library="SeleniumLibrary">
<arg>${ELEMENTO}</arg>
<doc>Waits until the element ``locator`` is visible.</doc>
<status status="PASS" starttime="20220201 22:08:25.827" endtime="20220201 22:08:26.104"/>
</kw>
<kw name="Wait Until Element Is Enabled" library="SeleniumLibrary">
<arg>${ELEMENTO}</arg>
<doc>Waits until the element ``locator`` is enabled.</doc>
<status status="PASS" starttime="20220201 22:08:26.104" endtime="20220201 22:08:26.128"/>
</kw>
<kw name="Input Text" library="SeleniumLibrary">
<arg>${ELEMENTO}</arg>
<arg>${TEXTO}</arg>
<doc>Types the given ``text`` into the text field identified by ``locator``.</doc>
<msg timestamp="20220201 22:08:26.130" level="INFO">Typing text 'https://http.cat/418' into text field 'css=#formUrl'.</msg>
<status status="PASS" starttime="20220201 22:08:26.128" endtime="20220201 22:08:26.554"/>
</kw>
<status status="PASS" starttime="20220201 22:08:25.826" endtime="20220201 22:08:26.554"/>
</kw>
<status status="PASS" starttime="20220201 22:08:25.826" endtime="20220201 22:08:26.554"/>
</kw>
<kw name="Alterar o título para: &quot;Shèeek&quot;" library="summer">
<kw name="Wait and Input Text" library="summer">
<arg>${CAMPO_TITULO}</arg>
<arg>${NOVO_TITULO}</arg>
<kw name="Wait Until Element Is Visible" library="SeleniumLibrary">
<arg>${ELEMENTO}</arg>
<doc>Waits until the element ``locator`` is visible.</doc>
<status status="PASS" starttime="20220201 22:08:26.555" endtime="20220201 22:08:26.575"/>
</kw>
<kw name="Wait Until Element Is Enabled" library="SeleniumLibrary">
<arg>${ELEMENTO}</arg>
<doc>Waits until the element ``locator`` is enabled.</doc>
<status status="PASS" starttime="20220201 22:08:26.575" endtime="20220201 22:08:26.593"/>
</kw>
<kw name="Input Text" library="SeleniumLibrary">
<arg>${ELEMENTO}</arg>
<arg>${TEXTO}</arg>
<doc>Types the given ``text`` into the text field identified by ``locator``.</doc>
<msg timestamp="20220201 22:08:26.593" level="INFO">Typing text 'Shèeek' into text field 'css=#formTitle'.</msg>
<status status="PASS" starttime="20220201 22:08:26.593" endtime="20220201 22:08:26.731"/>
</kw>
<status status="PASS" starttime="20220201 22:08:26.555" endtime="20220201 22:08:26.732"/>
</kw>
<status status="PASS" starttime="20220201 22:08:26.555" endtime="20220201 22:08:26.732"/>
</kw>
<kw name="Alterar a descrição para: &quot;Descrição alterada&quot;" library="summer">
<kw name="Wait and Input Text" library="summer">
<arg>${CAMPO_DESCRICAO}</arg>
<arg>${NOVA_DESCRICAO}</arg>
<kw name="Wait Until Element Is Visible" library="SeleniumLibrary">
<arg>${ELEMENTO}</arg>
<doc>Waits until the element ``locator`` is visible.</doc>
<status status="PASS" starttime="20220201 22:08:26.733" endtime="20220201 22:08:26.751"/>
</kw>
<kw name="Wait Until Element Is Enabled" library="SeleniumLibrary">
<arg>${ELEMENTO}</arg>
<doc>Waits until the element ``locator`` is enabled.</doc>
<status status="PASS" starttime="20220201 22:08:26.751" endtime="20220201 22:08:26.769"/>
</kw>
<kw name="Input Text" library="SeleniumLibrary">
<arg>${ELEMENTO}</arg>
<arg>${TEXTO}</arg>
<doc>Types the given ``text`` into the text field identified by ``locator``.</doc>
<msg timestamp="20220201 22:08:26.769" level="INFO">Typing text 'Descrição alterada' into text field 'css=#formDescription'.</msg>
<status status="PASS" starttime="20220201 22:08:26.769" endtime="20220201 22:08:27.022"/>
</kw>
<status status="PASS" starttime="20220201 22:08:26.733" endtime="20220201 22:08:27.022"/>
</kw>
<status status="PASS" starttime="20220201 22:08:26.733" endtime="20220201 22:08:27.022"/>
</kw>
<kw name="Clicar em &quot;Salvar&quot; de novo" library="summer">
<kw name="Wait and Click" library="summer">
<arg>${BOTAO_SALVAR_2}</arg>
<kw name="Wait Until Element Is Visible" library="SeleniumLibrary">
<arg>${ELEMENTO}</arg>
<doc>Waits until the element ``locator`` is visible.</doc>
<status status="PASS" starttime="20220201 22:08:27.024" endtime="20220201 22:08:27.044"/>
</kw>
<kw name="Wait Until Element Is Enabled" library="SeleniumLibrary">
<arg>${ELEMENTO}</arg>
<doc>Waits until the element ``locator`` is enabled.</doc>
<status status="PASS" starttime="20220201 22:08:27.044" endtime="20220201 22:08:27.059"/>
</kw>
<kw name="Click Element" library="SeleniumLibrary">
<arg>${ELEMENTO}</arg>
<doc>Click the element identified by ``locator``.</doc>
<msg timestamp="20220201 22:08:27.060" level="INFO">Clicking element 'css=body &gt; div.fade.modal.show &gt; div &gt; div &gt; div.modal-footer &gt; button.btn.btn-success'.</msg>
<status status="PASS" starttime="20220201 22:08:27.060" endtime="20220201 22:08:27.093"/>
</kw>
<status status="PASS" starttime="20220201 22:08:27.024" endtime="20220201 22:08:27.093"/>
</kw>
<status status="PASS" starttime="20220201 22:08:27.024" endtime="20220201 22:08:27.093"/>
</kw>
<status status="PASS" starttime="20220201 22:08:23.057" endtime="20220201 22:08:27.095"/>
</test>
<status status="PASS" starttime="20220201 22:08:22.848" endtime="20220201 22:08:27.099"/>
</suite>
<statistics>
<total>
<stat pass="1" fail="0" skip="0">All Tests</stat>
</total>
<tag>
</tag>
<suite>
<stat pass="1" fail="0" skip="0" id="s1" name="Summer">Summer</stat>
</suite>
</statistics>
<errors>
</errors>
</robot>
